#
# There is insufficient memory for the Java Runtime Environment to continue.
# Native memory allocation (malloc) failed to allocate 1410896 bytes for Chunk::new
# Possible reasons:
#   The system is out of physical RAM or swap space
#   The process is running with CompressedOops enabled, and the Java Heap may be blocking the growth of the native heap
# Possible solutions:
#   Reduce memory load on the system
#   Increase physical memory or swap space
#   Check if swap backing store is full
#   Decrease Java heap size (-Xmx/-Xms)
#   Decrease number of Java threads
#   Decrease Java thread stack sizes (-Xss)
#   Set larger code cache with -XX:ReservedCodeCacheSize=
#   JVM is running with Unscaled Compressed Oops mode in which the Java heap is
#     placed in the first 4GB address space. The Java Heap base address is the
#     maximum limit for the native heap growth. Please use -XX:HeapBaseMinAddress
#     to set the Java Heap base and to place the Java Heap above 4GB virtual address.
# This output file may be truncated or incomplete.
#
#  Out of Memory Error (t:/workspace/open/src/hotspot/share/memory/arena.cpp:197), pid=1860, tid=6884
#
# JRE version: Java(TM) SE Runtime Environment (11.0.2+9) (build 11.0.2+9-LTS)
# Java VM: Java HotSpot(TM) 64-Bit Server VM (11.0.2+9-LTS, mixed mode, tiered, compressed oops, g1 gc, windows-amd64)
# No core dump will be written. Minidumps are not enabled by default on client versions of Windows
#

---------------  S U M M A R Y ------------

Command Line: C:\Users\ISTVN~1\AppData\Local\Temp\surefire14132378658111822065\surefirebooter536767572350147925.jar C:\Users\István\AppData\Local\Temp\surefire14132378658111822065 2019-11-13T20-43-32_544-jvmRun1 surefire1841659494395508170tmp surefire_36329856541852681485tmp

Host: Intel(R) Core(TM) i7-7700HQ CPU @ 2.80GHz, 8 cores, 7G,  Windows 10 , 64 bit Build 18362 (10.0.18362.329)
Time: Wed Nov 13 20:44:09 2019 Közép-európai téli ido  elapsed time: 12 seconds (0d 0h 0m 12s)

---------------  T H R E A D  ---------------

Current thread (0x000002262e2ba000):  JavaThread "C2 CompilerThread0" daemon [_thread_in_native, id=6884, stack(0x000000678c200000,0x000000678c300000)]


Current CompileTask:
C2:  12231 5461       4       org.springframework.beans.factory.support.AbstractBeanFactory::isTypeMatch (607 bytes)

Stack: [0x000000678c200000,0x000000678c300000]
Native frames: (J=compiled Java code, j=interpreted, Vv=VM code, C=native code)
V  [jvm.dll+0x63574a]
V  [jvm.dll+0x77326f]
V  [jvm.dll+0x77491a]
V  [jvm.dll+0x774fd3]
V  [jvm.dll+0x25e418]
V  [jvm.dll+0xc2141]
V  [jvm.dll+0xc26dc]
V  [jvm.dll+0x36d772]
V  [jvm.dll+0x1a945f]
V  [jvm.dll+0x218352]
V  [jvm.dll+0x2173ea]
V  [jvm.dll+0x194200]
V  [jvm.dll+0x2263af]
V  [jvm.dll+0x2249b8]
V  [jvm.dll+0x738a9d]
V  [jvm.dll+0x6347f2]
C  [ucrtbase.dll+0x20e72]
C  [KERNEL32.DLL+0x17bd4]
C  [ntdll.dll+0x6ced1]


---------------  P R O C E S S  ---------------

Threads class SMR info:
_java_thread_list=0x00000226321975f0, length=28, elements={
0x000002260cdaa800, 0x000002262d928800, 0x000002262d932000, 0x000002262e2b6800,
0x000002262e2b8000, 0x000002262e2ba000, 0x000002262e2c0800, 0x000002262d945000,
0x000002262e41e800, 0x000002262e42f000, 0x000002262e446800, 0x000002262e651800,
0x000002262fdb2000, 0x000002262f1e2800, 0x0000022633b05000, 0x00000226345d1800,
0x0000022633ccd800, 0x0000022635857000, 0x000002263778d800, 0x0000022632038800,
0x0000022634867000, 0x000002262e851000, 0x000002262f229000, 0x000002262fd4a000,
0x00000226345b9800, 0x000002262f249800, 0x0000022632290800, 0x000002262f5d6000
}

Java Threads: ( => current thread )
  0x000002260cdaa800 JavaThread "main" [_thread_in_Java, id=6840, stack(0x000000678b700000,0x000000678b800000)]
  0x000002262d928800 JavaThread "Reference Handler" daemon [_thread_blocked, id=5276, stack(0x000000678be00000,0x000000678bf00000)]
  0x000002262d932000 JavaThread "Finalizer" daemon [_thread_blocked, id=9644, stack(0x000000678bf00000,0x000000678c000000)]
  0x000002262e2b6800 JavaThread "Signal Dispatcher" daemon [_thread_blocked, id=10124, stack(0x000000678c000000,0x000000678c100000)]
  0x000002262e2b8000 JavaThread "Attach Listener" daemon [_thread_blocked, id=12352, stack(0x000000678c100000,0x000000678c200000)]
=>0x000002262e2ba000 JavaThread "C2 CompilerThread0" daemon [_thread_in_native, id=6884, stack(0x000000678c200000,0x000000678c300000)]
  0x000002262e2c0800 JavaThread "C1 CompilerThread0" daemon [_thread_blocked, id=11016, stack(0x000000678c300000,0x000000678c400000)]
  0x000002262d945000 JavaThread "Sweeper thread" daemon [_thread_blocked, id=12028, stack(0x000000678c400000,0x000000678c500000)]
  0x000002262e41e800 JavaThread "Service Thread" daemon [_thread_blocked, id=5180, stack(0x000000678c500000,0x000000678c600000)]
  0x000002262e42f000 JavaThread "Common-Cleaner" daemon [_thread_blocked, id=7636, stack(0x000000678c700000,0x000000678c800000)]
  0x000002262e446800 JavaThread "surefire-forkedjvm-command-thread" daemon [_thread_in_native, id=9248, stack(0x000000678c800000,0x000000678c900000)]
  0x000002262e651800 JavaThread "surefire-forkedjvm-ping-30s" daemon [_thread_in_native, id=5884, stack(0x000000678c900000,0x000000678ca00000)]
  0x000002262fdb2000 JavaThread "mysql-cj-abandoned-connection-cleanup" daemon [_thread_blocked, id=12056, stack(0x000000678ce00000,0x000000678cf00000)]
  0x000002262f1e2800 JavaThread "budget-manager-calculations housekeeper" daemon [_thread_blocked, id=5256, stack(0x000000678d100000,0x000000678d200000)]
  0x0000022633b05000 JavaThread "budget-manager-calculations connection adder" daemon [_thread_blocked, id=12292, stack(0x000000678d400000,0x000000678d500000)]
  0x00000226345d1800 JavaThread "Catalina-utility-1" [_thread_blocked, id=7392, stack(0x000000678d500000,0x000000678d600000)]
  0x0000022633ccd800 JavaThread "Catalina-utility-2" [_thread_blocked, id=11780, stack(0x000000678d600000,0x000000678d700000)]
  0x0000022635857000 JavaThread "container-0" [_thread_blocked, id=4644, stack(0x000000678d700000,0x000000678d800000)]
  0x000002263778d800 JavaThread "C2 CompilerThread1" daemon [_thread_in_native, id=9720, stack(0x000000678d800000,0x000000678d900000)]
  0x0000022632038800 JavaThread "qtp872422493-27" [_thread_in_native, id=7496, stack(0x000000678d900000,0x000000678da00000)]
  0x0000022634867000 JavaThread "qtp872422493-28" [_thread_in_native, id=10208, stack(0x000000678da00000,0x000000678db00000)]
  0x000002262e851000 JavaThread "qtp872422493-29-acceptor-0@32fd7c38-NetworkTrafficServerConnector@72c175f1{HTTP/1.1,[http/1.1]}{0.0.0.0:9999}" [_thread_blocked, id=6776, stack(0x000000678db00000,0x000000678dc00000)]
  0x000002262f229000 JavaThread "qtp872422493-30-acceptor-1@62893585-NetworkTrafficServerConnector@72c175f1{HTTP/1.1,[http/1.1]}{0.0.0.0:9999}" [_thread_in_native, id=6888, stack(0x000000678dc00000,0x000000678dd00000)]
  0x000002262fd4a000 JavaThread "qtp872422493-31-acceptor-2@fd6f8d2-NetworkTrafficServerConnector@72c175f1{HTTP/1.1,[http/1.1]}{0.0.0.0:9999}" [_thread_blocked, id=5096, stack(0x000000678dd00000,0x000000678de00000)]
  0x00000226345b9800 JavaThread "qtp872422493-32" [_thread_blocked, id=10360, stack(0x000000678de00000,0x000000678df00000)]
  0x000002262f249800 JavaThread "qtp872422493-33" [_thread_blocked, id=1044, stack(0x000000678df00000,0x000000678e000000)]
  0x0000022632290800 JavaThread "qtp872422493-34" [_thread_blocked, id=4980, stack(0x000000678e000000,0x000000678e100000)]
  0x000002262f5d6000 JavaThread "C2 CompilerThread2" daemon [_thread_in_native, id=1400, stack(0x000000678e100000,0x000000678e200000)]

Other Threads:
  0x000002262d8fc000 VMThread "VM Thread" [stack: 0x000000678bd00000,0x000000678be00000] [id=3804]
  0x000002262e42e800 WatcherThread [stack: 0x000000678c600000,0x000000678c700000] [id=9356]
  0x000002260cdc3000 GCTaskThread "GC Thread#0" [stack: 0x000000678b800000,0x000000678b900000] [id=6280]
  0x000002262e652800 GCTaskThread "GC Thread#1" [stack: 0x000000678ca00000,0x000000678cb00000] [id=7744]
  0x000002262e833000 GCTaskThread "GC Thread#2" [stack: 0x000000678cb00000,0x000000678cc00000] [id=3928]
  0x000002263133a000 GCTaskThread "GC Thread#3" [stack: 0x000000678cf00000,0x000000678d000000] [id=11944]
  0x0000022631cb1000 GCTaskThread "GC Thread#4" [stack: 0x000000678d200000,0x000000678d300000] [id=1272]
  0x0000022631c89000 GCTaskThread "GC Thread#5" [stack: 0x000000678d300000,0x000000678d400000] [id=12328]
  0x0000022631c8a800 GCTaskThread "GC Thread#6" [stack: 0x000000678cc00000,0x000000678cd00000] [id=13184]
  0x0000022631c89800 GCTaskThread "GC Thread#7" [stack: 0x000000678cd00000,0x000000678ce00000] [id=1784]
  0x000002260cdf2800 ConcurrentGCThread "G1 Main Marker" [stack: 0x000000678b900000,0x000000678ba00000] [id=13448]
  0x000002260cdf4000 ConcurrentGCThread "G1 Conc#0" [stack: 0x000000678ba00000,0x000000678bb00000] [id=252]
  0x0000022630b3f000 ConcurrentGCThread "G1 Conc#1" [stack: 0x000000678d000000,0x000000678d100000] [id=8784]
  0x000002260ce7e000 ConcurrentGCThread "G1 Refine#0" [stack: 0x000000678bb00000,0x000000678bc00000] [id=6480]
  0x000002262d768800 ConcurrentGCThread "G1 Young RemSet Sampling" [stack: 0x000000678bc00000,0x000000678bd00000] [id=12656]

Threads with active compile tasks:
C2 CompilerThread05461       4       org.springframework.beans.factory.support.AbstractBeanFactory::isTypeMatch (607 bytes)
C2 CompilerThread15456       4       org.springframework.core.annotation.TypeMappedAnnotations::get (52 bytes)
C2 CompilerThread25454       4       org.springframework.core.annotation.AnnotationsScanner::getDeclaredAnnotations (166 bytes)

VM state:not at safepoint (normal execution)

VM Mutex/Monitor currently owned by a thread: None

Heap address: 0x0000000081c00000, size: 2020 MB, Compressed Oops mode: 32-bit
Narrow klass base: 0x0000000000000000, Narrow klass shift: 3
Compressed class space size: 1073741824 Address: 0x0000000100000000

Heap:
 garbage-first heap   total 189440K, used 41308K [0x0000000081c00000, 0x0000000100000000)
  region size 1024K, 23 young (23552K), 11 survivors (11264K)
 Metaspace       used 69250K, capacity 70749K, committed 71040K, reserved 1112064K
  class space    used 8633K, capacity 9232K, committed 9344K, reserved 1048576K
Heap Regions: E=young(eden), S=young(survivor), O=old, HS=humongous(starts), HC=humongous(continues), CS=collection set, F=free, A=archive, TAMS=top-at-mark-start (previous, next)
|   0|0x0000000081c00000, 0x0000000081d00000, 0x0000000081d00000|100%|HS|  |TAMS 0x0000000081d00000, 0x0000000081c00000| Complete 
|   1|0x0000000081d00000, 0x0000000081e00000, 0x0000000081e00000|100%| O|  |TAMS 0x0000000081e00000, 0x0000000081d00000| Untracked 
|   2|0x0000000081e00000, 0x0000000081f00000, 0x0000000081f00000|100%| O|  |TAMS 0x0000000081f00000, 0x0000000081e00000| Untracked 
|   3|0x0000000081f00000, 0x0000000082000000, 0x0000000082000000|100%| O|  |TAMS 0x0000000082000000, 0x0000000081f00000| Untracked 
|   4|0x0000000082000000, 0x0000000082100000, 0x0000000082100000|100%| O|  |TAMS 0x0000000082100000, 0x0000000082000000| Untracked 
|   5|0x0000000082100000, 0x0000000082200000, 0x0000000082200000|100%| O|  |TAMS 0x0000000082200000, 0x0000000082100000| Untracked 
|   6|0x0000000082200000, 0x0000000082300000, 0x0000000082300000|100%| O|  |TAMS 0x0000000082300000, 0x0000000082200000| Untracked 
|   7|0x0000000082300000, 0x0000000082400000, 0x0000000082400000|100%| O|  |TAMS 0x0000000082400000, 0x0000000082300000| Untracked 
|   8|0x0000000082400000, 0x0000000082500000, 0x0000000082500000|100%| O|  |TAMS 0x0000000082500000, 0x0000000082400000| Untracked 
|   9|0x0000000082500000, 0x0000000082600000, 0x0000000082600000|100%| O|  |TAMS 0x0000000082600000, 0x0000000082500000| Untracked 
|  10|0x0000000082600000, 0x0000000082700000, 0x0000000082700000|100%| O|  |TAMS 0x0000000082700000, 0x0000000082600000| Untracked 
|  11|0x0000000082700000, 0x0000000082800000, 0x0000000082800000|100%| O|  |TAMS 0x0000000082800000, 0x0000000082700000| Untracked 
|  12|0x0000000082800000, 0x0000000082900000, 0x0000000082900000|100%| O|  |TAMS 0x0000000082900000, 0x0000000082800000| Untracked 
|  13|0x0000000082900000, 0x0000000082a00000, 0x0000000082a00000|100%| O|  |TAMS 0x0000000082a00000, 0x0000000082900000| Untracked 
|  14|0x0000000082a00000, 0x0000000082b00000, 0x0000000082b00000|100%| O|  |TAMS 0x0000000082b00000, 0x0000000082a00000| Untracked 
|  15|0x0000000082b00000, 0x0000000082c00000, 0x0000000082c00000|100%| O|  |TAMS 0x0000000082c00000, 0x0000000082b00000| Untracked 
|  16|0x0000000082c00000, 0x0000000082d00000, 0x0000000082d00000|100%| O|  |TAMS 0x0000000082d00000, 0x0000000082c00000| Untracked 
|  17|0x0000000082d00000, 0x0000000082e00000, 0x0000000082e00000|100%| O|  |TAMS 0x0000000082e00000, 0x0000000082d00000| Untracked 
|  18|0x0000000082e00000, 0x0000000082e98800, 0x0000000082f00000| 59%| O|  |TAMS 0x0000000082e98800, 0x0000000082e00000| Untracked 
|  19|0x0000000082f00000, 0x0000000082f00000, 0x0000000083000000|  0%| F|  |TAMS 0x0000000082f00000, 0x0000000082f00000| Untracked 
|  20|0x0000000083000000, 0x0000000083000000, 0x0000000083100000|  0%| F|  |TAMS 0x0000000083000000, 0x0000000083000000| Untracked 
|  21|0x0000000083100000, 0x0000000083100000, 0x0000000083200000|  0%| F|  |TAMS 0x0000000083100000, 0x0000000083100000| Untracked 
|  22|0x0000000083200000, 0x0000000083200000, 0x0000000083300000|  0%| F|  |TAMS 0x0000000083200000, 0x0000000083200000| Untracked 
|  23|0x0000000083300000, 0x0000000083300000, 0x0000000083400000|  0%| F|  |TAMS 0x0000000083300000, 0x0000000083300000| Untracked 
|  24|0x0000000083400000, 0x0000000083400000, 0x0000000083500000|  0%| F|  |TAMS 0x0000000083400000, 0x0000000083400000| Untracked 
|  25|0x0000000083500000, 0x0000000083500000, 0x0000000083600000|  0%| F|  |TAMS 0x0000000083500000, 0x0000000083500000| Untracked 
|  26|0x0000000083600000, 0x0000000083600000, 0x0000000083700000|  0%| F|  |TAMS 0x0000000083600000, 0x0000000083600000| Untracked 
|  27|0x0000000083700000, 0x0000000083700000, 0x0000000083800000|  0%| F|  |TAMS 0x0000000083700000, 0x0000000083700000| Untracked 
|  28|0x0000000083800000, 0x0000000083800000, 0x0000000083900000|  0%| F|  |TAMS 0x0000000083800000, 0x0000000083800000| Untracked 
|  29|0x0000000083900000, 0x0000000083900000, 0x0000000083a00000|  0%| F|  |TAMS 0x0000000083900000, 0x0000000083900000| Untracked 
|  30|0x0000000083a00000, 0x0000000083a00000, 0x0000000083b00000|  0%| F|  |TAMS 0x0000000083a00000, 0x0000000083a00000| Untracked 
|  31|0x0000000083b00000, 0x0000000083b00000, 0x0000000083c00000|  0%| F|  |TAMS 0x0000000083b00000, 0x0000000083b00000| Untracked 
|  32|0x0000000083c00000, 0x0000000083c00000, 0x0000000083d00000|  0%| F|  |TAMS 0x0000000083c00000, 0x0000000083c00000| Untracked 
|  33|0x0000000083d00000, 0x0000000083d00000, 0x0000000083e00000|  0%| F|  |TAMS 0x0000000083d00000, 0x0000000083d00000| Untracked 
|  34|0x0000000083e00000, 0x0000000083e00000, 0x0000000083f00000|  0%| F|  |TAMS 0x0000000083e00000, 0x0000000083e00000| Untracked 
|  35|0x0000000083f00000, 0x0000000083f00000, 0x0000000084000000|  0%| F|  |TAMS 0x0000000083f00000, 0x0000000083f00000| Untracked 
|  36|0x0000000084000000, 0x0000000084000000, 0x0000000084100000|  0%| F|  |TAMS 0x0000000084000000, 0x0000000084000000| Untracked 
|  37|0x0000000084100000, 0x0000000084100000, 0x0000000084200000|  0%| F|  |TAMS 0x0000000084100000, 0x0000000084100000| Untracked 
|  38|0x0000000084200000, 0x0000000084200000, 0x0000000084300000|  0%| F|  |TAMS 0x0000000084200000, 0x0000000084200000| Untracked 
|  39|0x0000000084300000, 0x0000000084300000, 0x0000000084400000|  0%| F|  |TAMS 0x0000000084300000, 0x0000000084300000| Untracked 
|  40|0x0000000084400000, 0x0000000084400000, 0x0000000084500000|  0%| F|  |TAMS 0x0000000084400000, 0x0000000084400000| Untracked 
|  41|0x0000000084500000, 0x0000000084500000, 0x0000000084600000|  0%| F|  |TAMS 0x0000000084500000, 0x0000000084500000| Untracked 
|  42|0x0000000084600000, 0x0000000084600000, 0x0000000084700000|  0%| F|  |TAMS 0x0000000084600000, 0x0000000084600000| Untracked 
|  43|0x0000000084700000, 0x0000000084700000, 0x0000000084800000|  0%| F|  |TAMS 0x0000000084700000, 0x0000000084700000| Untracked 
|  44|0x0000000084800000, 0x0000000084800000, 0x0000000084900000|  0%| F|  |TAMS 0x0000000084800000, 0x0000000084800000| Untracked 
|  45|0x0000000084900000, 0x0000000084900000, 0x0000000084a00000|  0%| F|  |TAMS 0x0000000084900000, 0x0000000084900000| Untracked 
|  46|0x0000000084a00000, 0x0000000084a00000, 0x0000000084b00000|  0%| F|  |TAMS 0x0000000084a00000, 0x0000000084a00000| Untracked 
|  47|0x0000000084b00000, 0x0000000084b00000, 0x0000000084c00000|  0%| F|  |TAMS 0x0000000084b00000, 0x0000000084b00000| Untracked 
|  48|0x0000000084c00000, 0x0000000084c00000, 0x0000000084d00000|  0%| F|  |TAMS 0x0000000084c00000, 0x0000000084c00000| Untracked 
|  49|0x0000000084d00000, 0x0000000084d00000, 0x0000000084e00000|  0%| F|  |TAMS 0x0000000084d00000, 0x0000000084d00000| Untracked 
|  50|0x0000000084e00000, 0x0000000084e00000, 0x0000000084f00000|  0%| F|  |TAMS 0x0000000084e00000, 0x0000000084e00000| Untracked 
|  51|0x0000000084f00000, 0x0000000084f00000, 0x0000000085000000|  0%| F|  |TAMS 0x0000000084f00000, 0x0000000084f00000| Untracked 
|  52|0x0000000085000000, 0x0000000085000000, 0x0000000085100000|  0%| F|  |TAMS 0x0000000085000000, 0x0000000085000000| Untracked 
|  53|0x0000000085100000, 0x0000000085100000, 0x0000000085200000|  0%| F|  |TAMS 0x0000000085100000, 0x0000000085100000| Untracked 
|  54|0x0000000085200000, 0x0000000085200000, 0x0000000085300000|  0%| F|  |TAMS 0x0000000085200000, 0x0000000085200000| Untracked 
|  55|0x0000000085300000, 0x0000000085300000, 0x0000000085400000|  0%| F|  |TAMS 0x0000000085300000, 0x0000000085300000| Untracked 
|  56|0x0000000085400000, 0x0000000085400000, 0x0000000085500000|  0%| F|  |TAMS 0x0000000085400000, 0x0000000085400000| Untracked 
|  57|0x0000000085500000, 0x0000000085500000, 0x0000000085600000|  0%| F|  |TAMS 0x0000000085500000, 0x0000000085500000| Untracked 
|  58|0x0000000085600000, 0x0000000085600000, 0x0000000085700000|  0%| F|  |TAMS 0x0000000085600000, 0x0000000085600000| Untracked 
|  59|0x0000000085700000, 0x0000000085700000, 0x0000000085800000|  0%| F|  |TAMS 0x0000000085700000, 0x0000000085700000| Untracked 
|  60|0x0000000085800000, 0x0000000085800000, 0x0000000085900000|  0%| F|  |TAMS 0x0000000085800000, 0x0000000085800000| Untracked 
|  61|0x0000000085900000, 0x0000000085900000, 0x0000000085a00000|  0%| F|  |TAMS 0x0000000085900000, 0x0000000085900000| Untracked 
|  62|0x0000000085a00000, 0x0000000085a00000, 0x0000000085b00000|  0%| F|  |TAMS 0x0000000085a00000, 0x0000000085a00000| Untracked 
|  63|0x0000000085b00000, 0x0000000085bbeaf0, 0x0000000085c00000| 74%| S|CS|TAMS 0x0000000085b00000, 0x0000000085b00000| Complete 
|  64|0x0000000085c00000, 0x0000000085d00000, 0x0000000085d00000|100%| S|CS|TAMS 0x0000000085c00000, 0x0000000085c00000| Complete 
|  65|0x0000000085d00000, 0x0000000085e00000, 0x0000000085e00000|100%| S|CS|TAMS 0x0000000085d00000, 0x0000000085d00000| Complete 
|  66|0x0000000085e00000, 0x0000000085f00000, 0x0000000085f00000|100%| S|CS|TAMS 0x0000000085e00000, 0x0000000085e00000| Complete 
|  67|0x0000000085f00000, 0x0000000086000000, 0x0000000086000000|100%| S|CS|TAMS 0x0000000085f00000, 0x0000000085f00000| Complete 
|  68|0x0000000086000000, 0x0000000086100000, 0x0000000086100000|100%| S|CS|TAMS 0x0000000086000000, 0x0000000086000000| Complete 
|  69|0x0000000086100000, 0x0000000086200000, 0x0000000086200000|100%| S|CS|TAMS 0x0000000086100000, 0x0000000086100000| Complete 
|  70|0x0000000086200000, 0x0000000086300000, 0x0000000086300000|100%| S|CS|TAMS 0x0000000086200000, 0x0000000086200000| Complete 
|  71|0x0000000086300000, 0x0000000086400000, 0x0000000086400000|100%| S|CS|TAMS 0x0000000086300000, 0x0000000086300000| Complete 
|  72|0x0000000086400000, 0x0000000086500000, 0x0000000086500000|100%| S|CS|TAMS 0x0000000086400000, 0x0000000086400000| Complete 
|  73|0x0000000086500000, 0x0000000086600000, 0x0000000086600000|100%| S|CS|TAMS 0x0000000086500000, 0x0000000086500000| Complete 
|  74|0x0000000086600000, 0x0000000086600000, 0x0000000086700000|  0%| F|  |TAMS 0x0000000086600000, 0x0000000086600000| Untracked 
|  75|0x0000000086700000, 0x0000000086700000, 0x0000000086800000|  0%| F|  |TAMS 0x0000000086700000, 0x0000000086700000| Untracked 
|  76|0x0000000086800000, 0x0000000086800000, 0x0000000086900000|  0%| F|  |TAMS 0x0000000086800000, 0x0000000086800000| Untracked 
|  77|0x0000000086900000, 0x0000000086900000, 0x0000000086a00000|  0%| F|  |TAMS 0x0000000086900000, 0x0000000086900000| Untracked 
|  78|0x0000000086a00000, 0x0000000086a00000, 0x0000000086b00000|  0%| F|  |TAMS 0x0000000086a00000, 0x0000000086a00000| Untracked 
|  79|0x0000000086b00000, 0x0000000086b00000, 0x0000000086c00000|  0%| F|  |TAMS 0x0000000086b00000, 0x0000000086b00000| Untracked 
|  80|0x0000000086c00000, 0x0000000086c00000, 0x0000000086d00000|  0%| F|  |TAMS 0x0000000086c00000, 0x0000000086c00000| Untracked 
|  81|0x0000000086d00000, 0x0000000086d00000, 0x0000000086e00000|  0%| F|  |TAMS 0x0000000086d00000, 0x0000000086d00000| Untracked 
|  82|0x0000000086e00000, 0x0000000086e00000, 0x0000000086f00000|  0%| F|  |TAMS 0x0000000086e00000, 0x0000000086e00000| Untracked 
|  83|0x0000000086f00000, 0x0000000086f00000, 0x0000000087000000|  0%| F|  |TAMS 0x0000000086f00000, 0x0000000086f00000| Untracked 
|  84|0x0000000087000000, 0x0000000087000000, 0x0000000087100000|  0%| F|  |TAMS 0x0000000087000000, 0x0000000087000000| Untracked 
|  85|0x0000000087100000, 0x0000000087100000, 0x0000000087200000|  0%| F|  |TAMS 0x0000000087100000, 0x0000000087100000| Untracked 
|  86|0x0000000087200000, 0x0000000087200000, 0x0000000087300000|  0%| F|  |TAMS 0x0000000087200000, 0x0000000087200000| Untracked 
|  87|0x0000000087300000, 0x0000000087300000, 0x0000000087400000|  0%| F|  |TAMS 0x0000000087300000, 0x0000000087300000| Untracked 
|  88|0x0000000087400000, 0x0000000087400000, 0x0000000087500000|  0%| F|  |TAMS 0x0000000087400000, 0x0000000087400000| Untracked 
|  89|0x0000000087500000, 0x0000000087500000, 0x0000000087600000|  0%| F|  |TAMS 0x0000000087500000, 0x0000000087500000| Untracked 
|  90|0x0000000087600000, 0x0000000087600000, 0x0000000087700000|  0%| F|  |TAMS 0x0000000087600000, 0x0000000087600000| Untracked 
|  91|0x0000000087700000, 0x0000000087700000, 0x0000000087800000|  0%| F|  |TAMS 0x0000000087700000, 0x0000000087700000| Untracked 
|  92|0x0000000087800000, 0x0000000087800000, 0x0000000087900000|  0%| F|  |TAMS 0x0000000087800000, 0x0000000087800000| Untracked 
|  93|0x0000000087900000, 0x0000000087900000, 0x0000000087a00000|  0%| F|  |TAMS 0x0000000087900000, 0x0000000087900000| Untracked 
|  94|0x0000000087a00000, 0x0000000087a00000, 0x0000000087b00000|  0%| F|  |TAMS 0x0000000087a00000, 0x0000000087a00000| Untracked 
|  95|0x0000000087b00000, 0x0000000087b00000, 0x0000000087c00000|  0%| F|  |TAMS 0x0000000087b00000, 0x0000000087b00000| Untracked 
|  96|0x0000000087c00000, 0x0000000087c00000, 0x0000000087d00000|  0%| F|  |TAMS 0x0000000087c00000, 0x0000000087c00000| Untracked 
|  97|0x0000000087d00000, 0x0000000087d00000, 0x0000000087e00000|  0%| F|  |TAMS 0x0000000087d00000, 0x0000000087d00000| Untracked 
|  98|0x0000000087e00000, 0x0000000087e00000, 0x0000000087f00000|  0%| F|  |TAMS 0x0000000087e00000, 0x0000000087e00000| Untracked 
|  99|0x0000000087f00000, 0x0000000087f00000, 0x0000000088000000|  0%| F|  |TAMS 0x0000000087f00000, 0x0000000087f00000| Untracked 
| 100|0x0000000088000000, 0x0000000088000000, 0x0000000088100000|  0%| F|  |TAMS 0x0000000088000000, 0x0000000088000000| Untracked 
| 101|0x0000000088100000, 0x0000000088100000, 0x0000000088200000|  0%| F|  |TAMS 0x0000000088100000, 0x0000000088100000| Untracked 
| 102|0x0000000088200000, 0x0000000088200000, 0x0000000088300000|  0%| F|  |TAMS 0x0000000088200000, 0x0000000088200000| Untracked 
| 103|0x0000000088300000, 0x0000000088300000, 0x0000000088400000|  0%| F|  |TAMS 0x0000000088300000, 0x0000000088300000| Untracked 
| 104|0x0000000088400000, 0x0000000088400000, 0x0000000088500000|  0%| F|  |TAMS 0x0000000088400000, 0x0000000088400000| Untracked 
| 105|0x0000000088500000, 0x0000000088500000, 0x0000000088600000|  0%| F|  |TAMS 0x0000000088500000, 0x0000000088500000| Untracked 
| 106|0x0000000088600000, 0x0000000088600000, 0x0000000088700000|  0%| F|  |TAMS 0x0000000088600000, 0x0000000088600000| Untracked 
| 107|0x0000000088700000, 0x0000000088700000, 0x0000000088800000|  0%| F|  |TAMS 0x0000000088700000, 0x0000000088700000| Untracked 
| 108|0x0000000088800000, 0x0000000088800000, 0x0000000088900000|  0%| F|  |TAMS 0x0000000088800000, 0x0000000088800000| Untracked 
| 109|0x0000000088900000, 0x0000000088900000, 0x0000000088a00000|  0%| F|  |TAMS 0x0000000088900000, 0x0000000088900000| Untracked 
| 110|0x0000000088a00000, 0x0000000088a00000, 0x0000000088b00000|  0%| F|  |TAMS 0x0000000088a00000, 0x0000000088a00000| Untracked 
| 111|0x0000000088b00000, 0x0000000088b00000, 0x0000000088c00000|  0%| F|  |TAMS 0x0000000088b00000, 0x0000000088b00000| Untracked 
| 112|0x0000000088c00000, 0x0000000088c00000, 0x0000000088d00000|  0%| F|  |TAMS 0x0000000088c00000, 0x0000000088c00000| Untracked 
| 113|0x0000000088d00000, 0x0000000088d00000, 0x0000000088e00000|  0%| F|  |TAMS 0x0000000088d00000, 0x0000000088d00000| Untracked 
| 114|0x0000000088e00000, 0x0000000088e00000, 0x0000000088f00000|  0%| F|  |TAMS 0x0000000088e00000, 0x0000000088e00000| Untracked 
| 115|0x0000000088f00000, 0x0000000088f00000, 0x0000000089000000|  0%| F|  |TAMS 0x0000000088f00000, 0x0000000088f00000| Untracked 
| 116|0x0000000089000000, 0x0000000089000000, 0x0000000089100000|  0%| F|  |TAMS 0x0000000089000000, 0x0000000089000000| Untracked 
| 117|0x0000000089100000, 0x0000000089100000, 0x0000000089200000|  0%| F|  |TAMS 0x0000000089100000, 0x0000000089100000| Untracked 
| 118|0x0000000089200000, 0x0000000089200000, 0x0000000089300000|  0%| F|  |TAMS 0x0000000089200000, 0x0000000089200000| Untracked 
| 119|0x0000000089300000, 0x0000000089300000, 0x0000000089400000|  0%| F|  |TAMS 0x0000000089300000, 0x0000000089300000| Untracked 
| 120|0x0000000089400000, 0x0000000089400000, 0x0000000089500000|  0%| F|  |TAMS 0x0000000089400000, 0x0000000089400000| Untracked 
| 121|0x0000000089500000, 0x0000000089500000, 0x0000000089600000|  0%| F|  |TAMS 0x0000000089500000, 0x0000000089500000| Untracked 
| 122|0x0000000089600000, 0x0000000089600000, 0x0000000089700000|  0%| F|  |TAMS 0x0000000089600000, 0x0000000089600000| Untracked 
| 123|0x0000000089700000, 0x0000000089700000, 0x0000000089800000|  0%| F|  |TAMS 0x0000000089700000, 0x0000000089700000| Untracked 
| 124|0x0000000089800000, 0x0000000089800000, 0x0000000089900000|  0%| F|  |TAMS 0x0000000089800000, 0x0000000089800000| Untracked 
| 125|0x0000000089900000, 0x0000000089900000, 0x0000000089a00000|  0%| F|  |TAMS 0x0000000089900000, 0x0000000089900000| Untracked 
| 126|0x0000000089a00000, 0x0000000089a00000, 0x0000000089b00000|  0%| F|  |TAMS 0x0000000089a00000, 0x0000000089a00000| Untracked 
| 127|0x0000000089b00000, 0x0000000089b00000, 0x0000000089c00000|  0%| F|  |TAMS 0x0000000089b00000, 0x0000000089b00000| Untracked 
| 128|0x0000000089c00000, 0x0000000089c00000, 0x0000000089d00000|  0%| F|  |TAMS 0x0000000089c00000, 0x0000000089c00000| Untracked 
| 129|0x0000000089d00000, 0x0000000089d00000, 0x0000000089e00000|  0%| F|  |TAMS 0x0000000089d00000, 0x0000000089d00000| Untracked 
| 130|0x0000000089e00000, 0x0000000089e00000, 0x0000000089f00000|  0%| F|  |TAMS 0x0000000089e00000, 0x0000000089e00000| Untracked 
| 131|0x0000000089f00000, 0x0000000089f00000, 0x000000008a000000|  0%| F|  |TAMS 0x0000000089f00000, 0x0000000089f00000| Untracked 
| 132|0x000000008a000000, 0x000000008a000000, 0x000000008a100000|  0%| F|  |TAMS 0x000000008a000000, 0x000000008a000000| Untracked 
| 133|0x000000008a100000, 0x000000008a100000, 0x000000008a200000|  0%| F|  |TAMS 0x000000008a100000, 0x000000008a100000| Untracked 
| 134|0x000000008a200000, 0x000000008a200000, 0x000000008a300000|  0%| F|  |TAMS 0x000000008a200000, 0x000000008a200000| Untracked 
| 135|0x000000008a300000, 0x000000008a300000, 0x000000008a400000|  0%| F|  |TAMS 0x000000008a300000, 0x000000008a300000| Untracked 
| 136|0x000000008a400000, 0x000000008a400000, 0x000000008a500000|  0%| F|  |TAMS 0x000000008a400000, 0x000000008a400000| Untracked 
| 137|0x000000008a500000, 0x000000008a500000, 0x000000008a600000|  0%| F|  |TAMS 0x000000008a500000, 0x000000008a500000| Untracked 
| 138|0x000000008a600000, 0x000000008a600000, 0x000000008a700000|  0%| F|  |TAMS 0x000000008a600000, 0x000000008a600000| Untracked 
| 139|0x000000008a700000, 0x000000008a700000, 0x000000008a800000|  0%| F|  |TAMS 0x000000008a700000, 0x000000008a700000| Untracked 
| 140|0x000000008a800000, 0x000000008a800000, 0x000000008a900000|  0%| F|  |TAMS 0x000000008a800000, 0x000000008a800000| Untracked 
| 141|0x000000008a900000, 0x000000008a900000, 0x000000008aa00000|  0%| F|  |TAMS 0x000000008a900000, 0x000000008a900000| Untracked 
| 142|0x000000008aa00000, 0x000000008aa00000, 0x000000008ab00000|  0%| F|  |TAMS 0x000000008aa00000, 0x000000008aa00000| Untracked 
| 143|0x000000008ab00000, 0x000000008ab00000, 0x000000008ac00000|  0%| F|  |TAMS 0x000000008ab00000, 0x000000008ab00000| Untracked 
| 144|0x000000008ac00000, 0x000000008ac00000, 0x000000008ad00000|  0%| F|  |TAMS 0x000000008ac00000, 0x000000008ac00000| Untracked 
| 145|0x000000008ad00000, 0x000000008ad00000, 0x000000008ae00000|  0%| F|  |TAMS 0x000000008ad00000, 0x000000008ad00000| Untracked 
| 146|0x000000008ae00000, 0x000000008ae00000, 0x000000008af00000|  0%| F|  |TAMS 0x000000008ae00000, 0x000000008ae00000| Untracked 
| 147|0x000000008af00000, 0x000000008af00000, 0x000000008b000000|  0%| F|  |TAMS 0x000000008af00000, 0x000000008af00000| Untracked 
| 148|0x000000008b000000, 0x000000008b000000, 0x000000008b100000|  0%| F|  |TAMS 0x000000008b000000, 0x000000008b000000| Untracked 
| 149|0x000000008b100000, 0x000000008b100000, 0x000000008b200000|  0%| F|  |TAMS 0x000000008b100000, 0x000000008b100000| Untracked 
| 150|0x000000008b200000, 0x000000008b200000, 0x000000008b300000|  0%| F|  |TAMS 0x000000008b200000, 0x000000008b200000| Untracked 
| 151|0x000000008b300000, 0x000000008b300000, 0x000000008b400000|  0%| F|  |TAMS 0x000000008b300000, 0x000000008b300000| Untracked 
| 152|0x000000008b400000, 0x000000008b400000, 0x000000008b500000|  0%| F|  |TAMS 0x000000008b400000, 0x000000008b400000| Untracked 
| 153|0x000000008b500000, 0x000000008b500000, 0x000000008b600000|  0%| F|  |TAMS 0x000000008b500000, 0x000000008b500000| Untracked 
| 154|0x000000008b600000, 0x000000008b600000, 0x000000008b700000|  0%| F|  |TAMS 0x000000008b600000, 0x000000008b600000| Untracked 
| 155|0x000000008b700000, 0x000000008b700000, 0x000000008b800000|  0%| F|  |TAMS 0x000000008b700000, 0x000000008b700000| Untracked 
| 156|0x000000008b800000, 0x000000008b800000, 0x000000008b900000|  0%| F|  |TAMS 0x000000008b800000, 0x000000008b800000| Untracked 
| 157|0x000000008b900000, 0x000000008b900000, 0x000000008ba00000|  0%| F|  |TAMS 0x000000008b900000, 0x000000008b900000| Untracked 
| 158|0x000000008ba00000, 0x000000008ba00000, 0x000000008bb00000|  0%| F|  |TAMS 0x000000008ba00000, 0x000000008ba00000| Untracked 
| 159|0x000000008bb00000, 0x000000008bb00000, 0x000000008bc00000|  0%| F|  |TAMS 0x000000008bb00000, 0x000000008bb00000| Untracked 
| 160|0x000000008bc00000, 0x000000008bc00000, 0x000000008bd00000|  0%| F|  |TAMS 0x000000008bc00000, 0x000000008bc00000| Untracked 
| 161|0x000000008bd00000, 0x000000008bd00000, 0x000000008be00000|  0%| F|  |TAMS 0x000000008bd00000, 0x000000008bd00000| Untracked 
| 162|0x000000008be00000, 0x000000008be00000, 0x000000008bf00000|  0%| F|  |TAMS 0x000000008be00000, 0x000000008be00000| Untracked 
| 163|0x000000008bf00000, 0x000000008bf00000, 0x000000008c000000|  0%| F|  |TAMS 0x000000008bf00000, 0x000000008bf00000| Untracked 
| 164|0x000000008c000000, 0x000000008c000000, 0x000000008c100000|  0%| F|  |TAMS 0x000000008c000000, 0x000000008c000000| Untracked 
| 165|0x000000008c100000, 0x000000008c100000, 0x000000008c200000|  0%| F|  |TAMS 0x000000008c100000, 0x000000008c100000| Untracked 
| 166|0x000000008c200000, 0x000000008c200000, 0x000000008c300000|  0%| F|  |TAMS 0x000000008c200000, 0x000000008c200000| Untracked 
| 167|0x000000008c300000, 0x000000008c300000, 0x000000008c400000|  0%| F|  |TAMS 0x000000008c300000, 0x000000008c300000| Untracked 
| 168|0x000000008c400000, 0x000000008c400000, 0x000000008c500000|  0%| F|  |TAMS 0x000000008c400000, 0x000000008c400000| Untracked 
| 169|0x000000008c500000, 0x000000008c500000, 0x000000008c600000|  0%| F|  |TAMS 0x000000008c500000, 0x000000008c500000| Untracked 
| 170|0x000000008c600000, 0x000000008c600000, 0x000000008c700000|  0%| F|  |TAMS 0x000000008c600000, 0x000000008c600000| Untracked 
| 171|0x000000008c700000, 0x000000008c700000, 0x000000008c800000|  0%| F|  |TAMS 0x000000008c700000, 0x000000008c700000| Untracked 
| 172|0x000000008c800000, 0x000000008c886530, 0x000000008c900000| 52%| E|  |TAMS 0x000000008c800000, 0x000000008c800000| Complete 
| 173|0x000000008c900000, 0x000000008ca00000, 0x000000008ca00000|100%| E|CS|TAMS 0x000000008c900000, 0x000000008c900000| Complete 
| 174|0x000000008ca00000, 0x000000008cb00000, 0x000000008cb00000|100%| E|CS|TAMS 0x000000008ca00000, 0x000000008ca00000| Complete 
| 175|0x000000008cb00000, 0x000000008cc00000, 0x000000008cc00000|100%| E|CS|TAMS 0x000000008cb00000, 0x000000008cb00000| Complete 
| 176|0x000000008cc00000, 0x000000008cd00000, 0x000000008cd00000|100%| E|CS|TAMS 0x000000008cc00000, 0x000000008cc00000| Complete 
| 177|0x000000008cd00000, 0x000000008ce00000, 0x000000008ce00000|100%| E|CS|TAMS 0x000000008cd00000, 0x000000008cd00000| Complete 
| 178|0x000000008ce00000, 0x000000008cf00000, 0x000000008cf00000|100%| E|CS|TAMS 0x000000008ce00000, 0x000000008ce00000| Complete 
| 179|0x000000008cf00000, 0x000000008d000000, 0x000000008d000000|100%| E|CS|TAMS 0x000000008cf00000, 0x000000008cf00000| Complete 
| 180|0x000000008d000000, 0x000000008d100000, 0x000000008d100000|100%| E|CS|TAMS 0x000000008d000000, 0x000000008d000000| Complete 
| 181|0x000000008d100000, 0x000000008d200000, 0x000000008d200000|100%| E|CS|TAMS 0x000000008d100000, 0x000000008d100000| Complete 
| 182|0x000000008d200000, 0x000000008d300000, 0x000000008d300000|100%| E|CS|TAMS 0x000000008d200000, 0x000000008d200000| Complete 
| 183|0x000000008d300000, 0x000000008d400000, 0x000000008d400000|100%| E|CS|TAMS 0x000000008d300000, 0x000000008d300000| Complete 
| 184|0x000000008d400000, 0x000000008d500000, 0x000000008d500000|100%| E|CS|TAMS 0x000000008d400000, 0x000000008d400000| Complete 

Card table byte_map: [0x0000022626710000,0x0000022626b10000] _byte_map_base: 0x0000022626302000

Marking Bits (Prev, Next): (CMBitMap*) 0x000002260cdea140, (CMBitMap*) 0x000002260cdea108
 Prev Bits: [0x0000022628ea0000, 0x000002262ae30000)
 Next Bits: [0x0000022626f10000, 0x0000022628ea0000)

Polling page: 0x000002260e630000

Metaspace:

Usage:
  Non-class:     60.08 MB capacity,    59.20 MB ( 99%) used,   707.23 KB (  1%) free+waste,   193.06 KB ( <1%) overhead. 
      Class:      9.02 MB capacity,     8.43 MB ( 94%) used,   509.20 KB (  6%) free+waste,    89.25 KB ( <1%) overhead. 
       Both:     69.09 MB capacity,    67.63 MB ( 98%) used,     1.19 MB (  2%) free+waste,   282.31 KB ( <1%) overhead. 

Virtual space:
  Non-class space:       62.00 MB reserved,      60.25 MB ( 97%) committed 
      Class space:        1.00 GB reserved,       9.13 MB ( <1%) committed 
             Both:        1.06 GB reserved,      69.38 MB (  6%) committed 

Chunk freelists:
   Non-Class:  6.38 KB
       Class:  2.00 KB
        Both:  8.38 KB

CodeHeap 'non-profiled nmethods': size=120000Kb used=4016Kb max_used=4016Kb free=115983Kb
 bounds [0x000002261e370000, 0x000002261e760000, 0x00000226258a0000]
CodeHeap 'profiled nmethods': size=120000Kb used=13296Kb max_used=13296Kb free=106703Kb
 bounds [0x0000022616e40000, 0x0000022617b40000, 0x000002261e370000]
CodeHeap 'non-nmethods': size=5760Kb used=1236Kb max_used=1324Kb free=4523Kb
 bounds [0x00000226168a0000, 0x0000022616b10000, 0x0000022616e40000]
 total_blobs=7556 nmethods=5354 adapters=527
 compilation: enabled
              stopped_count=0, restarted_count=0
 full_count=0

Compilation events (10 events):
Event: 12.213 Thread 0x000002262e2c0800 5652       2       org.aspectj.weaver.TypeFactory::locateMatchingEndAngleBracket (73 bytes)
Event: 12.213 Thread 0x000002262e2c0800 nmethod 5652 0x0000022617b31c10 code [0x0000022617b31de0, 0x0000022617b32060]
Event: 12.217 Thread 0x000002262e2c0800 5653       2       org.aspectj.weaver.TypeVariable::setSuperclass (11 bytes)
Event: 12.217 Thread 0x000002262e2c0800 nmethod 5653 0x0000022617b32190 code [0x0000022617b32340, 0x0000022617b32518]
Event: 12.217 Thread 0x000002262e2c0800 5654       2       org.aspectj.weaver.TypeVariable::setDeclaringElement (26 bytes)
Event: 12.217 Thread 0x000002262e2c0800 nmethod 5654 0x0000022617b32590 code [0x0000022617b32740, 0x0000022617b32958]
Event: 12.217 Thread 0x000002262e2c0800 5655       2       org.aspectj.weaver.reflect.Java15ReflectionBasedReferenceTypeDelegate::getTypeVariables (216 bytes)
Event: 12.219 Thread 0x000002262e2c0800 nmethod 5655 0x0000022617b32a10 code [0x0000022617b32ca0, 0x0000022617b33860]
Event: 12.219 Thread 0x000002262e2c0800 5656       2       org.aspectj.weaver.World::getTypeVariablesCurrentlyBeingProcessed (14 bytes)
Event: 12.219 Thread 0x000002262e2c0800 nmethod 5656 0x0000022617b33e10 code [0x0000022617b33fc0, 0x0000022617b34170]

GC Heap History (10 events):
Event: 5.261 GC heap before
{Heap before GC invocations=10 (full 0):
 garbage-first heap   total 157696K, used 103483K [0x0000000081c00000, 0x0000000100000000)
  region size 1024K, 92 young (94208K), 7 survivors (7168K)
 Metaspace       used 41870K, capacity 43073K, committed 43264K, reserved 1087488K
  class space    used 5062K, capacity 5562K, committed 5632K, reserved 1048576K
}
Event: 5.281 GC heap after
{Heap after GC invocations=11 (full 0):
 garbage-first heap   total 189440K, used 19546K [0x0000000081c00000, 0x0000000100000000)
  region size 1024K, 10 young (10240K), 10 survivors (10240K)
 Metaspace       used 41870K, capacity 43073K, committed 43264K, reserved 1087488K
  class space    used 5062K, capacity 5562K, committed 5632K, reserved 1048576K
}
Event: 7.443 GC heap before
{Heap before GC invocations=11 (full 0):
 garbage-first heap   total 189440K, used 121946K [0x0000000081c00000, 0x0000000100000000)
  region size 1024K, 111 young (113664K), 10 survivors (10240K)
 Metaspace       used 45346K, capacity 46629K, committed 46720K, reserved 1089536K
  class space    used 5414K, capacity 5934K, committed 6016K, reserved 1048576K
}
Event: 7.458 GC heap after
{Heap after GC invocations=12 (full 0):
 garbage-first heap   total 189440K, used 21768K [0x0000000081c00000, 0x0000000100000000)
  region size 1024K, 9 young (9216K), 9 survivors (9216K)
 Metaspace       used 45346K, capacity 46629K, committed 46720K, reserved 1089536K
  class space    used 5414K, capacity 5934K, committed 6016K, reserved 1048576K
}
Event: 9.853 GC heap before
{Heap before GC invocations=12 (full 0):
 garbage-first heap   total 189440K, used 126216K [0x0000000081c00000, 0x0000000100000000)
  region size 1024K, 111 young (113664K), 9 survivors (9216K)
 Metaspace       used 57604K, capacity 58975K, committed 59264K, reserved 1101824K
  class space    used 7143K, capacity 7702K, committed 7808K, reserved 1048576K
}
Event: 9.864 GC heap after
{Heap after GC invocations=13 (full 0):
 garbage-first heap   total 189440K, used 25404K [0x0000000081c00000, 0x0000000100000000)
  region size 1024K, 11 young (11264K), 11 survivors (11264K)
 Metaspace       used 57604K, capacity 58975K, committed 59264K, reserved 1101824K
  class space    used 7143K, capacity 7702K, committed 7808K, reserved 1048576K
}
Event: 10.019 GC heap before
{Heap before GC invocations=13 (full 0):
 garbage-first heap   total 189440K, used 35644K [0x0000000081c00000, 0x0000000100000000)
  region size 1024K, 22 young (22528K), 11 survivors (11264K)
 Metaspace       used 58704K, capacity 60040K, committed 60160K, reserved 1101824K
  class space    used 7287K, capacity 7865K, committed 7936K, reserved 1048576K
}
Event: 10.028 GC heap after
{Heap after GC invocations=14 (full 0):
 garbage-first heap   total 189440K, used 25843K [0x0000000081c00000, 0x0000000100000000)
  region size 1024K, 7 young (7168K), 7 survivors (7168K)
 Metaspace       used 58704K, capacity 60040K, committed 60160K, reserved 1101824K
  class space    used 7287K, capacity 7865K, committed 7936K, reserved 1048576K
}
Event: 12.096 GC heap before
{Heap before GC invocations=15 (full 0):
 garbage-first heap   total 189440K, used 132339K [0x0000000081c00000, 0x0000000100000000)
  region size 1024K, 111 young (113664K), 7 survivors (7168K)
 Metaspace       used 69128K, capacity 70618K, committed 70784K, reserved 1110016K
  class space    used 8622K, capacity 9231K, committed 9344K, reserved 1048576K
}
Event: 12.109 GC heap after
{Heap after GC invocations=16 (full 0):
 garbage-first heap   total 189440K, used 30044K [0x0000000081c00000, 0x0000000100000000)
  region size 1024K, 11 young (11264K), 11 survivors (11264K)
 Metaspace       used 69128K, capacity 70618K, committed 70784K, reserved 1110016K
  class space    used 8622K, capacity 9231K, committed 9344K, reserved 1048576K
}

Deoptimization events (10 events):
Event: 12.075 Thread 0x000002260cdaa800 Uncommon trap: reason=class_check action=maybe_recompile pc=0x000002261e5c5d84 method=org.aspectj.weaver.ResolvedMemberImpl.matches(Lorg/aspectj/weaver/ResolvedMember;Z)Z @ 30 c2
Event: 12.075 Thread 0x000002260cdaa800 Uncommon trap: reason=class_check action=maybe_recompile pc=0x000002261e5c5d84 method=org.aspectj.weaver.ResolvedMemberImpl.matches(Lorg/aspectj/weaver/ResolvedMember;Z)Z @ 30 c2
Event: 12.084 Thread 0x000002260cdaa800 Uncommon trap: reason=unstable_if action=reinterpret pc=0x000002261e5c436c method=java.lang.PublicMethods$MethodList.filter([Ljava/lang/reflect/Method;Ljava/lang/String;[Ljava/lang/Class;Z)Ljava/lang/PublicMethods$MethodList; @ 43 c2
Event: 12.091 Thread 0x000002260cdaa800 Uncommon trap: reason=unstable_if action=reinterpret pc=0x000002261e59ad88 method=java.util.concurrent.ConcurrentHashMap.get(Ljava/lang/Object;)Ljava/lang/Object; @ 86 c2
Event: 12.091 Thread 0x000002260cdaa800 Uncommon trap: reason=unstable_if action=reinterpret pc=0x000002261e74beb4 method=java.util.concurrent.ConcurrentHashMap.putVal(Ljava/lang/Object;Ljava/lang/Object;Z)Ljava/lang/Object; @ 202 c2
Event: 12.150 Thread 0x000002260cdaa800 Uncommon trap: reason=unstable_if action=reinterpret pc=0x000002261e4a534c method=org.springframework.asm.ClassReader.readUtf(II[C)Ljava/lang/String; @ 41 c2
Event: 12.205 Thread 0x000002260cdaa800 Uncommon trap: reason=bimorphic_or_optimized_type_check action=maybe_recompile pc=0x000002261e71555c method=org.aspectj.weaver.World.resolve(Lorg/aspectj/weaver/UnresolvedType;Z)Lorg/aspectj/weaver/ResolvedType; @ 38 c2
Event: 12.205 Thread 0x000002260cdaa800 Uncommon trap: reason=bimorphic_or_optimized_type_check action=maybe_recompile pc=0x000002261e71555c method=org.aspectj.weaver.World.resolve(Lorg/aspectj/weaver/UnresolvedType;Z)Lorg/aspectj/weaver/ResolvedType; @ 38 c2
Event: 12.206 Thread 0x000002260cdaa800 Uncommon trap: reason=bimorphic_or_optimized_type_check action=maybe_recompile pc=0x000002261e71555c method=org.aspectj.weaver.World.resolve(Lorg/aspectj/weaver/UnresolvedType;Z)Lorg/aspectj/weaver/ResolvedType; @ 38 c2
Event: 12.206 Thread 0x000002260cdaa800 Uncommon trap: reason=bimorphic_or_optimized_type_check action=maybe_recompile pc=0x000002261e71555c method=org.aspectj.weaver.World.resolve(Lorg/aspectj/weaver/UnresolvedType;Z)Lorg/aspectj/weaver/ResolvedType; @ 38 c2

Classes redefined (0 events):
No events

Internal exceptions (10 events):
Event: 12.060 Thread 0x000002260cdaa800 Exception <a 'java/lang/ClassNotFoundException'{0x0000000086834250}: org/springframework/beans/factory/InitializingBeanCustomizer> (0x0000000086834250) thrown at [t:/workspace/open/src/hotspot/share/classfile/systemDictionary.cpp, line 231]
Event: 12.151 Thread 0x000002260cdaa800 Exception <a 'java/lang/ClassNotFoundException'{0x000000008d1d31c8}: java/lang/ObjectCustomizer> (0x000000008d1d31c8) thrown at [t:/workspace/open/src/hotspot/share/classfile/systemDictionary.cpp, line 231]
Event: 12.152 Thread 0x000002260cdaa800 Exception <a 'java/lang/ClassNotFoundException'{0x000000008d1f7ec0}: org/springframework/data/repository/core/support/PropertiesBasedNamedQueriesCustomizer> (0x000000008d1f7ec0) thrown at [t:/workspace/open/src/hotspot/share/classfile/systemDictionary.cpp
Event: 12.154 Thread 0x000002260cdaa800 Exception <a 'java/lang/ClassNotFoundException'{0x000000008d016df0}: org/springframework/data/repository/core/NamedQueriesCustomizer> (0x000000008d016df0) thrown at [t:/workspace/open/src/hotspot/share/classfile/systemDictionary.cpp, line 231]
Event: 12.166 Thread 0x000002260cdaa800 Exception <a 'java/lang/ClassNotFoundException'{0x000000008d07c980}: java/lang/ObjectCustomizer> (0x000000008d07c980) thrown at [t:/workspace/open/src/hotspot/share/classfile/systemDictionary.cpp, line 231]
Event: 12.167 Thread 0x000002260cdaa800 Exception <a 'java/lang/ClassNotFoundException'{0x000000008d0a1a38}: org/springframework/data/repository/core/support/RepositoryFragmentsFactoryBeanCustomizer> (0x000000008d0a1a38) thrown at [t:/workspace/open/src/hotspot/share/classfile/systemDictionary.
Event: 12.170 Thread 0x000002260cdaa800 Exception <a 'java/lang/ClassNotFoundException'{0x000000008d0d9a80}: org/springframework/beans/factory/FactoryBeanCustomizer> (0x000000008d0d9a80) thrown at [t:/workspace/open/src/hotspot/share/classfile/systemDictionary.cpp, line 231]
Event: 12.171 Thread 0x000002260cdaa800 Exception <a 'java/lang/ClassNotFoundException'{0x000000008d0f8920}: org/springframework/beans/factory/BeanFactoryAwareCustomizer> (0x000000008d0f8920) thrown at [t:/workspace/open/src/hotspot/share/classfile/systemDictionary.cpp, line 231]
Event: 12.173 Thread 0x000002260cdaa800 Exception <a 'java/lang/ClassNotFoundException'{0x000000008cf12760}: org/springframework/beans/factory/AwareCustomizer> (0x000000008cf12760) thrown at [t:/workspace/open/src/hotspot/share/classfile/systemDictionary.cpp, line 231]
Event: 12.176 Thread 0x000002260cdaa800 Exception <a 'java/lang/ClassNotFoundException'{0x000000008cf2e4f8}: org/springframework/beans/factory/InitializingBeanCustomizer> (0x000000008cf2e4f8) thrown at [t:/workspace/open/src/hotspot/share/classfile/systemDictionary.cpp, line 231]

Events (10 events):
Event: 12.205 Thread 0x000002260cdaa800 DEOPT UNPACKING pc=0x00000226168c8f2f sp=0x000000678b7f9d08 mode 2
Event: 12.205 Thread 0x000002260cdaa800 Uncommon trap: trap_request=0xffffffc6 fr.pc=0x000002261e71555c relative=0x000000000000871c
Event: 12.205 Thread 0x000002260cdaa800 DEOPT PACKING pc=0x000002261e71555c sp=0x000000678b7f9d50
Event: 12.205 Thread 0x000002260cdaa800 DEOPT UNPACKING pc=0x00000226168c8f2f sp=0x000000678b7f9d08 mode 2
Event: 12.206 Thread 0x000002260cdaa800 Uncommon trap: trap_request=0xffffffc6 fr.pc=0x000002261e71555c relative=0x000000000000871c
Event: 12.206 Thread 0x000002260cdaa800 DEOPT PACKING pc=0x000002261e71555c sp=0x000000678b7f9d50
Event: 12.206 Thread 0x000002260cdaa800 DEOPT UNPACKING pc=0x00000226168c8f2f sp=0x000000678b7f9d08 mode 2
Event: 12.206 Thread 0x000002260cdaa800 Uncommon trap: trap_request=0xffffffc6 fr.pc=0x000002261e71555c relative=0x000000000000871c
Event: 12.206 Thread 0x000002260cdaa800 DEOPT PACKING pc=0x000002261e71555c sp=0x000000678b7f9d50
Event: 12.206 Thread 0x000002260cdaa800 DEOPT UNPACKING pc=0x00000226168c8f2f sp=0x000000678b7f9d08 mode 2


Dynamic libraries:
0x00007ff6e7580000 - 0x00007ff6e75c7000 	C:\Java\jdk-11.0.2\bin\java.exe
0x00007ff9b3a80000 - 0x00007ff9b3c70000 	C:\WINDOWS\SYSTEM32\ntdll.dll
0x00007ff97f780000 - 0x00007ff97f794000 	C:\Program Files\AVAST Software\Avast\aswhook.dll
0x00007ff9b2330000 - 0x00007ff9b23e2000 	C:\WINDOWS\System32\KERNEL32.DLL
0x00007ff9b0a60000 - 0x00007ff9b0d03000 	C:\WINDOWS\System32\KERNELBASE.dll
0x00007ff9b3780000 - 0x00007ff9b3823000 	C:\WINDOWS\System32\ADVAPI32.dll
0x00007ff9b1e10000 - 0x00007ff9b1eae000 	C:\WINDOWS\System32\msvcrt.dll
0x00007ff9b2280000 - 0x00007ff9b2317000 	C:\WINDOWS\System32\sechost.dll
0x00007ff9b1b30000 - 0x00007ff9b1c50000 	C:\WINDOWS\System32\RPCRT4.dll
0x00007ff9b1c50000 - 0x00007ff9b1de4000 	C:\WINDOWS\System32\USER32.dll
0x00007ff9b0a10000 - 0x00007ff9b0a31000 	C:\WINDOWS\System32\win32u.dll
0x00007ff9b1eb0000 - 0x00007ff9b1ed6000 	C:\WINDOWS\System32\GDI32.dll
0x00007ff9b1990000 - 0x00007ff9b1b24000 	C:\WINDOWS\System32\gdi32full.dll
0x00007ff9b1710000 - 0x00007ff9b17ae000 	C:\WINDOWS\System32\msvcp_win.dll
0x00007ff9b17e0000 - 0x00007ff9b18da000 	C:\WINDOWS\System32\ucrtbase.dll
0x00007ff9a1e40000 - 0x00007ff9a20c5000 	C:\WINDOWS\WinSxS\amd64_microsoft.windows.common-controls_6595b64144ccf1df_6.0.18362.418_none_e6c6b287130d565d\COMCTL32.dll
0x00007ff9b2f50000 - 0x00007ff9b3286000 	C:\WINDOWS\System32\combase.dll
0x00007ff9b0d10000 - 0x00007ff9b0d90000 	C:\WINDOWS\System32\bcryptPrimitives.dll
0x00007ff9a9ac0000 - 0x00007ff9a9aca000 	C:\WINDOWS\SYSTEM32\VERSION.dll
0x00007ff9b2c90000 - 0x00007ff9b2cbe000 	C:\WINDOWS\System32\IMM32.DLL
0x00007ff9ab980000 - 0x00007ff9ab996000 	C:\Java\jdk-11.0.2\bin\vcruntime140.dll
0x00007ff97c060000 - 0x00007ff97c10a000 	C:\Java\jdk-11.0.2\bin\msvcp140.dll
0x00007ff963760000 - 0x00007ff964287000 	C:\Java\jdk-11.0.2\bin\server\jvm.dll
0x00007ff9b1df0000 - 0x00007ff9b1df8000 	C:\WINDOWS\System32\PSAPI.DLL
0x00007ff9a09e0000 - 0x00007ff9a09e9000 	C:\WINDOWS\SYSTEM32\WSOCK32.dll
0x00007ff9b2ae0000 - 0x00007ff9b2b4f000 	C:\WINDOWS\System32\WS2_32.dll
0x00007ff9ae880000 - 0x00007ff9ae8a4000 	C:\WINDOWS\SYSTEM32\WINMM.dll
0x00007ff9ae4e0000 - 0x00007ff9ae50d000 	C:\WINDOWS\SYSTEM32\WINMMBASE.dll
0x00007ff9b0ee0000 - 0x00007ff9b0f2a000 	C:\WINDOWS\System32\cfgmgr32.dll
0x00007ff9b0960000 - 0x00007ff9b0971000 	C:\WINDOWS\System32\kernel.appcore.dll
0x00007ff982180000 - 0x00007ff982191000 	C:\Java\jdk-11.0.2\bin\verify.dll
0x00007ff9a72a0000 - 0x00007ff9a7494000 	C:\WINDOWS\SYSTEM32\DBGHELP.DLL
0x00007ff9a6c70000 - 0x00007ff9a6c9a000 	C:\WINDOWS\SYSTEM32\dbgcore.DLL
0x00007ff97d730000 - 0x00007ff97d759000 	C:\Java\jdk-11.0.2\bin\java.dll
0x00007ff980650000 - 0x00007ff980666000 	C:\Java\jdk-11.0.2\bin\zip.dll
0x00007ff9ab2f0000 - 0x00007ff9ab2fa000 	C:\Java\jdk-11.0.2\bin\jimage.dll
0x00007ff9b23f0000 - 0x00007ff9b2ad5000 	C:\WINDOWS\System32\SHELL32.dll
0x00007ff9b2cc0000 - 0x00007ff9b2d69000 	C:\WINDOWS\System32\shcore.dll
0x00007ff9b0f30000 - 0x00007ff9b16af000 	C:\WINDOWS\System32\windows.storage.dll
0x00007ff9b0980000 - 0x00007ff9b099f000 	C:\WINDOWS\System32\profapi.dll
0x00007ff9b09c0000 - 0x00007ff9b0a0a000 	C:\WINDOWS\System32\powrprof.dll
0x00007ff9b0950000 - 0x00007ff9b0960000 	C:\WINDOWS\System32\UMPDC.dll
0x00007ff9b1f00000 - 0x00007ff9b1f52000 	C:\WINDOWS\System32\shlwapi.dll
0x00007ff9b0a40000 - 0x00007ff9b0a57000 	C:\WINDOWS\System32\cryptsp.dll
0x00007ff97d3a0000 - 0x00007ff97d3b9000 	C:\Java\jdk-11.0.2\bin\net.dll
0x00007ff9a2640000 - 0x00007ff9a2730000 	C:\WINDOWS\SYSTEM32\WINHTTP.dll
0x00007ff9a2440000 - 0x00007ff9a2616000 	C:\WINDOWS\SYSTEM32\urlmon.dll
0x00007ff9a3670000 - 0x00007ff9a3916000 	C:\WINDOWS\SYSTEM32\iertutil.dll
0x00007ff9b02f0000 - 0x00007ff9b02fc000 	C:\WINDOWS\SYSTEM32\CRYPTBASE.DLL
0x00007ff9b0170000 - 0x00007ff9b01d7000 	C:\WINDOWS\system32\mswsock.dll
0x00007ff97d380000 - 0x00007ff97d393000 	C:\Java\jdk-11.0.2\bin\nio.dll
0x00007ff9a9410000 - 0x00007ff9a9419000 	C:\Java\jdk-11.0.2\bin\management.dll
0x00007ff9a80b0000 - 0x00007ff9a80bc000 	C:\Java\jdk-11.0.2\bin\management_ext.dll
0x00007ff993120000 - 0x00007ff993136000 	C:\WINDOWS\system32\napinsp.dll
0x00007ff993100000 - 0x00007ff99311a000 	C:\WINDOWS\system32\pnrpnsp.dll
0x00007ff9afed0000 - 0x00007ff9aff9a000 	C:\WINDOWS\SYSTEM32\DNSAPI.dll
0x00007ff9b1e00000 - 0x00007ff9b1e08000 	C:\WINDOWS\System32\NSI.dll
0x00007ff9afe90000 - 0x00007ff9afeca000 	C:\WINDOWS\SYSTEM32\IPHLPAPI.DLL
0x00007ff9930f0000 - 0x00007ff9930fe000 	C:\WINDOWS\System32\winrnr.dll
0x00007ff9ad0b0000 - 0x00007ff9ad0cc000 	C:\WINDOWS\system32\NLAapi.dll
0x00007ff9ab290000 - 0x00007ff9ab2a5000 	C:\WINDOWS\system32\wshbth.dll
0x00007ff9a1e30000 - 0x00007ff9a1e3a000 	C:\Windows\System32\rasadhlp.dll
0x00007ff9a8630000 - 0x00007ff9a86a7000 	C:\WINDOWS\System32\fwpuclnt.dll
0x00007ff9b17b0000 - 0x00007ff9b17d6000 	C:\WINDOWS\System32\bcrypt.dll
0x00007ff9afc90000 - 0x00007ff9afcc3000 	C:\WINDOWS\system32\rsaenh.dll
0x00007ff9b0870000 - 0x00007ff9b0895000 	C:\WINDOWS\SYSTEM32\USERENV.dll
0x00007ff9a9820000 - 0x00007ff9a9836000 	C:\WINDOWS\SYSTEM32\dhcpcsvc6.DLL
0x00007ff9a9630000 - 0x00007ff9a964c000 	C:\WINDOWS\SYSTEM32\dhcpcsvc.DLL
0x00007ff9ab320000 - 0x00007ff9ab347000 	C:\Java\jdk-11.0.2\bin\sunec.dll

dbghelp: loaded successfully - version: 4.0.5 - missing functions: none
symbol engine: initialized successfully - sym options: 0x614 - pdb path: .;C:\Java\jdk-11.0.2\bin;C:\WINDOWS\SYSTEM32;C:\Program Files\AVAST Software\Avast;C:\WINDOWS\WinSxS\amd64_microsoft.windows.common-controls_6595b64144ccf1df_6.0.18362.418_none_e6c6b287130d565d;C:\Java\jdk-11.0.2\bin\server

VM Arguments:
java_command: C:\Users\ISTVN~1\AppData\Local\Temp\surefire14132378658111822065\surefirebooter536767572350147925.jar C:\Users\István\AppData\Local\Temp\surefire14132378658111822065 2019-11-13T20-43-32_544-jvmRun1 surefire1841659494395508170tmp surefire_36329856541852681485tmp
java_class_path (initial): C:\Users\ISTVN~1\AppData\Local\Temp\surefire14132378658111822065\surefirebooter536767572350147925.jar
Launcher Type: SUN_STANDARD

[Global flags]
     intx CICompilerCount                          = 4                                         {product} {ergonomic}
     uint ConcGCThreads                            = 2                                         {product} {ergonomic}
     uint G1ConcRefinementThreads                  = 8                                         {product} {ergonomic}
   size_t G1HeapRegionSize                         = 1048576                                   {product} {ergonomic}
    uintx GCDrainStackTargetSize                   = 64                                        {product} {ergonomic}
   size_t InitialHeapSize                          = 134217728                                 {product} {ergonomic}
   size_t MarkStackSize                            = 4194304                                   {product} {ergonomic}
   size_t MaxHeapSize                              = 2118123520                                {product} {ergonomic}
   size_t MaxNewSize                               = 1270874112                                {product} {ergonomic}
   size_t MinHeapDeltaBytes                        = 1048576                                   {product} {ergonomic}
    uintx NonNMethodCodeHeapSize                   = 5835340                                {pd product} {ergonomic}
    uintx NonProfiledCodeHeapSize                  = 122911450                              {pd product} {ergonomic}
    uintx ProfiledCodeHeapSize                     = 122911450                              {pd product} {ergonomic}
    uintx ReservedCodeCacheSize                    = 251658240                              {pd product} {ergonomic}
     bool SegmentedCodeCache                       = true                                      {product} {ergonomic}
     bool UseCompressedClassPointers               = true                                 {lp64_product} {ergonomic}
     bool UseCompressedOops                        = true                                 {lp64_product} {ergonomic}
     bool UseG1GC                                  = true                                      {product} {ergonomic}
     bool UseLargePagesIndividualAllocation        = false                                  {pd product} {ergonomic}

Logging:
Log output configuration:
 #0: stdout all=warning uptime,level,tags
 #1: stderr all=off uptime,level,tags

Environment Variables:
JAVA_HOME=C:/Java/jdk-11.0.2
PATH=C:\Users\István\bin;C:\Program Files\Git\mingw64\bin;C:\Program Files\Git\usr\local\bin;C:\Program Files\Git\usr\bin;C:\Program Files\Git\usr\bin;C:\Program Files\Git\mingw64\bin;C:\Program Files\Git\usr\bin;C:\Users\István\bin;C:\Program Files\Python37\Scripts;C:\Program Files\Python37;C:\WINDOWS\system32;C:\WINDOWS;C:\WINDOWS\System32\Wbem;C:\WINDOWS\System32\WindowsPowerShell\v1.0;C:\Program Files\Git\cmd;C:\Program Files\PuTTY;C:\Program Files\nodejs;C:\WINDOWS\System32\OpenSSH;C:\Users\István\AppData\Local\Microsoft\WindowsApps;C:\Java\jdk-11.0.2\bin;C:\Java\apache-maven-3.6.0\bin;C:\Users\István\AppData\Roaming\npm;C:\Users\István\AppData\Local\Programs\Microsoft VS Code\bin;C:\Program Files\Git\usr\bin\vendor_perl;C:\Program Files\Git\usr\bin\core_perl
USERNAME=István
SHELL=C:\Program Files\Git\usr\bin\bash.exe
DISPLAY=needs-to-be-defined
OS=Windows_NT
PROCESSOR_IDENTIFIER=Intel64 Family 6 Model 158 Stepping 9, GenuineIntel



---------------  S Y S T E M  ---------------

OS: Windows 10 , 64 bit Build 18362 (10.0.18362.329)

CPU:total 8 (initial active 8) (4 cores per cpu, 2 threads per core) family 6 model 158 stepping 9, cmov, cx8, fxsr, mmx, sse, sse2, sse3, ssse3, sse4.1, sse4.2, popcnt, avx, avx2, aes, clmul, erms, 3dnowpref, lzcnt, ht, tsc, tscinvbit, bmi1, bmi2, adx, fma

Memory: 4k page, system-wide physical 8075M (585M free)
TotalPageFile size 12171M (AvailPageFile size 10M)
current process WorkingSet (physical memory assigned to process): 365M, peak: 371M
current process commit charge ("private bytes"): 443M, peak: 447M

vm_info: Java HotSpot(TM) 64-Bit Server VM (11.0.2+9-LTS) for windows-amd64 JRE (11.0.2+9-LTS), built on Jan 18 2019 05:24:10 by "mach5one" with MS VC++ 15.5 (VS2017)

END.
